<?xml version="1.0" encoding="UTF-8"?>
<testsuite xmlns:xsi="http://www.w3.org/2001/XMLSchema-instance" xsi:noNamespaceSchemaLocation="https://maven.apache.org/surefire/maven-surefire-plugin/xsd/surefire-test-report.xsd" name="org.jmtrading.AppTest" time="0.031" tests="1" errors="0" skipped="0" failures="0">
  <properties>
    <property name="java.specification.version" value="20"/>
    <property name="sun.jnu.encoding" value="UTF-8"/>
    <property name="java.class.path" value="/Users/jamesmurray/FixedIncomeTradeSimulator/target/test-classes:/Users/jamesmurray/FixedIncomeTradeSimulator/target/classes:/Users/jamesmurray/.m2/repository/org/springframework/boot/spring-boot-starter-test/3.1.1/spring-boot-starter-test-3.1.1.jar:/Users/jamesmurray/.m2/repository/org/springframework/boot/spring-boot-test/3.1.1/spring-boot-test-3.1.1.jar:/Users/jamesmurray/.m2/repository/org/springframework/boot/spring-boot-test-autoconfigure/3.1.1/spring-boot-test-autoconfigure-3.1.1.jar:/Users/jamesmurray/.m2/repository/jakarta/xml/bind/jakarta.xml.bind-api/4.0.0/jakarta.xml.bind-api-4.0.0.jar:/Users/jamesmurray/.m2/repository/jakarta/activation/jakarta.activation-api/2.1.0/jakarta.activation-api-2.1.0.jar:/Users/jamesmurray/.m2/repository/net/minidev/json-smart/2.4.11/json-smart-2.4.11.jar:/Users/jamesmurray/.m2/repository/net/minidev/accessors-smart/2.4.11/accessors-smart-2.4.11.jar:/Users/jamesmurray/.m2/repository/org/ow2/asm/asm/9.3/asm-9.3.jar:/Users/jamesmurray/.m2/repository/org/assertj/assertj-core/3.24.2/assertj-core-3.24.2.jar:/Users/jamesmurray/.m2/repository/net/bytebuddy/byte-buddy/1.12.21/byte-buddy-1.12.21.jar:/Users/jamesmurray/.m2/repository/org/hamcrest/hamcrest/2.2/hamcrest-2.2.jar:/Users/jamesmurray/.m2/repository/org/junit/jupiter/junit-jupiter/5.9.3/junit-jupiter-5.9.3.jar:/Users/jamesmurray/.m2/repository/org/junit/jupiter/junit-jupiter-api/5.9.3/junit-jupiter-api-5.9.3.jar:/Users/jamesmurray/.m2/repository/org/opentest4j/opentest4j/1.2.0/opentest4j-1.2.0.jar:/Users/jamesmurray/.m2/repository/org/junit/platform/junit-platform-commons/1.9.3/junit-platform-commons-1.9.3.jar:/Users/jamesmurray/.m2/repository/org/apiguardian/apiguardian-api/1.1.2/apiguardian-api-1.1.2.jar:/Users/jamesmurray/.m2/repository/org/junit/jupiter/junit-jupiter-params/5.9.3/junit-jupiter-params-5.9.3.jar:/Users/jamesmurray/.m2/repository/org/junit/jupiter/junit-jupiter-engine/5.9.3/junit-jupiter-engine-5.9.3.jar:/Users/jamesmurray/.m2/repository/org/junit/platform/junit-platform-engine/1.9.3/junit-platform-engine-1.9.3.jar:/Users/jamesmurray/.m2/repository/org/mockito/mockito-core/5.3.1/mockito-core-5.3.1.jar:/Users/jamesmurray/.m2/repository/net/bytebuddy/byte-buddy-agent/1.14.4/byte-buddy-agent-1.14.4.jar:/Users/jamesmurray/.m2/repository/org/objenesis/objenesis/3.3/objenesis-3.3.jar:/Users/jamesmurray/.m2/repository/org/mockito/mockito-junit-jupiter/5.3.1/mockito-junit-jupiter-5.3.1.jar:/Users/jamesmurray/.m2/repository/org/skyscreamer/jsonassert/1.5.1/jsonassert-1.5.1.jar:/Users/jamesmurray/.m2/repository/com/vaadin/external/google/android-json/0.0.20131108.vaadin1/android-json-0.0.20131108.vaadin1.jar:/Users/jamesmurray/.m2/repository/org/springframework/spring-core/6.0.10/spring-core-6.0.10.jar:/Users/jamesmurray/.m2/repository/org/springframework/spring-jcl/6.0.10/spring-jcl-6.0.10.jar:/Users/jamesmurray/.m2/repository/org/springframework/spring-test/6.0.10/spring-test-6.0.10.jar:/Users/jamesmurray/.m2/repository/org/xmlunit/xmlunit-core/2.9.1/xmlunit-core-2.9.1.jar:/Users/jamesmurray/.m2/repository/com/jayway/jsonpath/json-path/2.8.0/json-path-2.8.0.jar:/Users/jamesmurray/.m2/repository/org/apache/camel/camel-core/3.21.0/camel-core-3.21.0.jar:/Users/jamesmurray/.m2/repository/org/apache/camel/camel-core-engine/3.21.0/camel-core-engine-3.21.0.jar:/Users/jamesmurray/.m2/repository/org/apache/camel/camel-api/3.21.0/camel-api-3.21.0.jar:/Users/jamesmurray/.m2/repository/org/apache/camel/camel-base-engine/3.21.0/camel-base-engine-3.21.0.jar:/Users/jamesmurray/.m2/repository/org/apache/camel/camel-base/3.21.0/camel-base-3.21.0.jar:/Users/jamesmurray/.m2/repository/org/apache/camel/camel-core-reifier/3.21.0/camel-core-reifier-3.21.0.jar:/Users/jamesmurray/.m2/repository/org/apache/camel/camel-core-processor/3.21.0/camel-core-processor-3.21.0.jar:/Users/jamesmurray/.m2/repository/org/apache/camel/camel-management-api/3.21.0/camel-management-api-3.21.0.jar:/Users/jamesmurray/.m2/repository/org/apache/camel/camel-support/3.21.0/camel-support-3.21.0.jar:/Users/jamesmurray/.m2/repository/org/apache/camel/camel-util-json/3.21.0/camel-util-json-3.21.0.jar:/Users/jamesmurray/.m2/repository/org/apache/camel/camel-util/3.21.0/camel-util-3.21.0.jar:/Users/jamesmurray/.m2/repository/org/apache/camel/camel-core-languages/3.21.0/camel-core-languages-3.21.0.jar:/Users/jamesmurray/.m2/repository/org/apache/camel/camel-core-model/3.21.0/camel-core-model-3.21.0.jar:/Users/jamesmurray/.m2/repository/org/apache/camel/camel-bean/3.21.0/camel-bean-3.21.0.jar:/Users/jamesmurray/.m2/repository/org/apache/camel/camel-browse/3.21.0/camel-browse-3.21.0.jar:/Users/jamesmurray/.m2/repository/org/apache/camel/camel-cluster/3.21.0/camel-cluster-3.21.0.jar:/Users/jamesmurray/.m2/repository/org/apache/camel/camel-controlbus/3.21.0/camel-controlbus-3.21.0.jar:/Users/jamesmurray/.m2/repository/org/apache/camel/camel-dataformat/3.21.0/camel-dataformat-3.21.0.jar:/Users/jamesmurray/.m2/repository/org/apache/camel/camel-dataset/3.21.0/camel-dataset-3.21.0.jar:/Users/jamesmurray/.m2/repository/org/apache/camel/camel-direct/3.21.0/camel-direct-3.21.0.jar:/Users/jamesmurray/.m2/repository/org/apache/camel/camel-directvm/3.21.0/camel-directvm-3.21.0.jar:/Users/jamesmurray/.m2/repository/org/apache/camel/camel-file/3.21.0/camel-file-3.21.0.jar:/Users/jamesmurray/.m2/repository/org/apache/camel/camel-health/3.21.0/camel-health-3.21.0.jar:/Users/jamesmurray/.m2/repository/org/apache/camel/camel-language/3.21.0/camel-language-3.21.0.jar:/Users/jamesmurray/.m2/repository/org/apache/camel/camel-log/3.21.0/camel-log-3.21.0.jar:/Users/jamesmurray/.m2/repository/org/apache/camel/camel-mock/3.21.0/camel-mock-3.21.0.jar:/Users/jamesmurray/.m2/repository/org/apache/camel/camel-ref/3.21.0/camel-ref-3.21.0.jar:/Users/jamesmurray/.m2/repository/org/apache/camel/camel-rest/3.21.0/camel-rest-3.21.0.jar:/Users/jamesmurray/.m2/repository/org/apache/camel/camel-tooling-model/3.21.0/camel-tooling-model-3.21.0.jar:/Users/jamesmurray/.m2/repository/org/apache/camel/camel-saga/3.21.0/camel-saga-3.21.0.jar:/Users/jamesmurray/.m2/repository/org/apache/camel/camel-scheduler/3.21.0/camel-scheduler-3.21.0.jar:/Users/jamesmurray/.m2/repository/org/apache/camel/camel-seda/3.21.0/camel-seda-3.21.0.jar:/Users/jamesmurray/.m2/repository/org/apache/camel/camel-stub/3.21.0/camel-stub-3.21.0.jar:/Users/jamesmurray/.m2/repository/org/apache/camel/camel-timer/3.21.0/camel-timer-3.21.0.jar:/Users/jamesmurray/.m2/repository/org/apache/camel/camel-validator/3.21.0/camel-validator-3.21.0.jar:/Users/jamesmurray/.m2/repository/org/apache/camel/camel-vm/3.21.0/camel-vm-3.21.0.jar:/Users/jamesmurray/.m2/repository/org/apache/camel/camel-xpath/3.21.0/camel-xpath-3.21.0.jar:/Users/jamesmurray/.m2/repository/org/apache/camel/camel-xslt/3.21.0/camel-xslt-3.21.0.jar:/Users/jamesmurray/.m2/repository/org/apache/camel/camel-xml-jaxb/3.21.0/camel-xml-jaxb-3.21.0.jar:/Users/jamesmurray/.m2/repository/com/sun/xml/bind/jaxb-core/2.3.0/jaxb-core-2.3.0.jar:/Users/jamesmurray/.m2/repository/com/sun/xml/bind/jaxb-impl/2.3.3/jaxb-impl-2.3.3.jar:/Users/jamesmurray/.m2/repository/com/sun/activation/jakarta.activation/1.2.2/jakarta.activation-1.2.2.jar:/Users/jamesmurray/.m2/repository/org/apache/camel/camel-xml-jaxp/3.21.0/camel-xml-jaxp-3.21.0.jar:/Users/jamesmurray/.m2/repository/org/apache/camel/camel-xml-io-util/3.21.0/camel-xml-io-util-3.21.0.jar:/Users/jamesmurray/.m2/repository/org/slf4j/slf4j-api/2.0.7/slf4j-api-2.0.7.jar:/Users/jamesmurray/.m2/repository/javax/xml/bind/jaxb-api/2.3.1/jaxb-api-2.3.1.jar:/Users/jamesmurray/.m2/repository/javax/activation/javax.activation-api/1.2.0/javax.activation-api-1.2.0.jar:/Users/jamesmurray/.m2/repository/org/springframework/boot/spring-boot-starter/3.1.1/spring-boot-starter-3.1.1.jar:/Users/jamesmurray/.m2/repository/org/springframework/boot/spring-boot/3.1.1/spring-boot-3.1.1.jar:/Users/jamesmurray/.m2/repository/org/springframework/spring-context/6.0.10/spring-context-6.0.10.jar:/Users/jamesmurray/.m2/repository/org/springframework/spring-aop/6.0.10/spring-aop-6.0.10.jar:/Users/jamesmurray/.m2/repository/org/springframework/boot/spring-boot-autoconfigure/3.1.1/spring-boot-autoconfigure-3.1.1.jar:/Users/jamesmurray/.m2/repository/jakarta/annotation/jakarta.annotation-api/2.1.1/jakarta.annotation-api-2.1.1.jar:/Users/jamesmurray/.m2/repository/org/yaml/snakeyaml/1.33/snakeyaml-1.33.jar:/Users/jamesmurray/.m2/repository/org/springframework/boot/spring-boot-starter-data-mongodb/3.1.1/spring-boot-starter-data-mongodb-3.1.1.jar:/Users/jamesmurray/.m2/repository/org/mongodb/mongodb-driver-sync/4.9.1/mongodb-driver-sync-4.9.1.jar:/Users/jamesmurray/.m2/repository/org/mongodb/bson/4.9.1/bson-4.9.1.jar:/Users/jamesmurray/.m2/repository/org/mongodb/mongodb-driver-core/4.9.1/mongodb-driver-core-4.9.1.jar:/Users/jamesmurray/.m2/repository/org/mongodb/bson-record-codec/4.9.1/bson-record-codec-4.9.1.jar:/Users/jamesmurray/.m2/repository/org/springframework/data/spring-data-mongodb/4.1.1/spring-data-mongodb-4.1.1.jar:/Users/jamesmurray/.m2/repository/org/springframework/spring-tx/6.0.10/spring-tx-6.0.10.jar:/Users/jamesmurray/.m2/repository/org/springframework/spring-beans/6.0.10/spring-beans-6.0.10.jar:/Users/jamesmurray/.m2/repository/org/springframework/spring-expression/6.0.10/spring-expression-6.0.10.jar:/Users/jamesmurray/.m2/repository/org/springframework/data/spring-data-commons/3.1.1/spring-data-commons-3.1.1.jar:/Users/jamesmurray/.m2/repository/ch/qos/logback/logback-classic/1.4.8/logback-classic-1.4.8.jar:/Users/jamesmurray/.m2/repository/ch/qos/logback/logback-core/1.4.8/logback-core-1.4.8.jar:"/>
    <property name="java.vm.vendor" value="Oracle Corporation"/>
    <property name="sun.arch.data.model" value="64"/>
    <property name="java.vendor.url" value="https://java.oracle.com/"/>
    <property name="os.name" value="Mac OS X"/>
    <property name="java.vm.specification.version" value="20"/>
    <property name="sun.java.launcher" value="SUN_STANDARD"/>
    <property name="user.country" value="US"/>
    <property name="sun.boot.library.path" value="/Library/Java/JavaVirtualMachines/jdk-20.jdk/Contents/Home/lib"/>
    <property name="sun.java.command" value="/Users/jamesmurray/FixedIncomeTradeSimulator/target/surefire/surefirebooter17054112689050964923.jar /Users/jamesmurray/FixedIncomeTradeSimulator/target/surefire 2023-07-14T14-48-12_961-jvmRun1 surefire3200442489573995724tmp surefire_05842245137716968794tmp"/>
    <property name="http.nonProxyHosts" value="local|*.local|169.254/16|*.169.254/16"/>
    <property name="jdk.debug" value="release"/>
    <property name="surefire.test.class.path" value="/Users/jamesmurray/FixedIncomeTradeSimulator/target/test-classes:/Users/jamesmurray/FixedIncomeTradeSimulator/target/classes:/Users/jamesmurray/.m2/repository/org/springframework/boot/spring-boot-starter-test/3.1.1/spring-boot-starter-test-3.1.1.jar:/Users/jamesmurray/.m2/repository/org/springframework/boot/spring-boot-test/3.1.1/spring-boot-test-3.1.1.jar:/Users/jamesmurray/.m2/repository/org/springframework/boot/spring-boot-test-autoconfigure/3.1.1/spring-boot-test-autoconfigure-3.1.1.jar:/Users/jamesmurray/.m2/repository/jakarta/xml/bind/jakarta.xml.bind-api/4.0.0/jakarta.xml.bind-api-4.0.0.jar:/Users/jamesmurray/.m2/repository/jakarta/activation/jakarta.activation-api/2.1.0/jakarta.activation-api-2.1.0.jar:/Users/jamesmurray/.m2/repository/net/minidev/json-smart/2.4.11/json-smart-2.4.11.jar:/Users/jamesmurray/.m2/repository/net/minidev/accessors-smart/2.4.11/accessors-smart-2.4.11.jar:/Users/jamesmurray/.m2/repository/org/ow2/asm/asm/9.3/asm-9.3.jar:/Users/jamesmurray/.m2/repository/org/assertj/assertj-core/3.24.2/assertj-core-3.24.2.jar:/Users/jamesmurray/.m2/repository/net/bytebuddy/byte-buddy/1.12.21/byte-buddy-1.12.21.jar:/Users/jamesmurray/.m2/repository/org/hamcrest/hamcrest/2.2/hamcrest-2.2.jar:/Users/jamesmurray/.m2/repository/org/junit/jupiter/junit-jupiter/5.9.3/junit-jupiter-5.9.3.jar:/Users/jamesmurray/.m2/repository/org/junit/jupiter/junit-jupiter-api/5.9.3/junit-jupiter-api-5.9.3.jar:/Users/jamesmurray/.m2/repository/org/opentest4j/opentest4j/1.2.0/opentest4j-1.2.0.jar:/Users/jamesmurray/.m2/repository/org/junit/platform/junit-platform-commons/1.9.3/junit-platform-commons-1.9.3.jar:/Users/jamesmurray/.m2/repository/org/apiguardian/apiguardian-api/1.1.2/apiguardian-api-1.1.2.jar:/Users/jamesmurray/.m2/repository/org/junit/jupiter/junit-jupiter-params/5.9.3/junit-jupiter-params-5.9.3.jar:/Users/jamesmurray/.m2/repository/org/junit/jupiter/junit-jupiter-engine/5.9.3/junit-jupiter-engine-5.9.3.jar:/Users/jamesmurray/.m2/repository/org/junit/platform/junit-platform-engine/1.9.3/junit-platform-engine-1.9.3.jar:/Users/jamesmurray/.m2/repository/org/mockito/mockito-core/5.3.1/mockito-core-5.3.1.jar:/Users/jamesmurray/.m2/repository/net/bytebuddy/byte-buddy-agent/1.14.4/byte-buddy-agent-1.14.4.jar:/Users/jamesmurray/.m2/repository/org/objenesis/objenesis/3.3/objenesis-3.3.jar:/Users/jamesmurray/.m2/repository/org/mockito/mockito-junit-jupiter/5.3.1/mockito-junit-jupiter-5.3.1.jar:/Users/jamesmurray/.m2/repository/org/skyscreamer/jsonassert/1.5.1/jsonassert-1.5.1.jar:/Users/jamesmurray/.m2/repository/com/vaadin/external/google/android-json/0.0.20131108.vaadin1/android-json-0.0.20131108.vaadin1.jar:/Users/jamesmurray/.m2/repository/org/springframework/spring-core/6.0.10/spring-core-6.0.10.jar:/Users/jamesmurray/.m2/repository/org/springframework/spring-jcl/6.0.10/spring-jcl-6.0.10.jar:/Users/jamesmurray/.m2/repository/org/springframework/spring-test/6.0.10/spring-test-6.0.10.jar:/Users/jamesmurray/.m2/repository/org/xmlunit/xmlunit-core/2.9.1/xmlunit-core-2.9.1.jar:/Users/jamesmurray/.m2/repository/com/jayway/jsonpath/json-path/2.8.0/json-path-2.8.0.jar:/Users/jamesmurray/.m2/repository/org/apache/camel/camel-core/3.21.0/camel-core-3.21.0.jar:/Users/jamesmurray/.m2/repository/org/apache/camel/camel-core-engine/3.21.0/camel-core-engine-3.21.0.jar:/Users/jamesmurray/.m2/repository/org/apache/camel/camel-api/3.21.0/camel-api-3.21.0.jar:/Users/jamesmurray/.m2/repository/org/apache/camel/camel-base-engine/3.21.0/camel-base-engine-3.21.0.jar:/Users/jamesmurray/.m2/repository/org/apache/camel/camel-base/3.21.0/camel-base-3.21.0.jar:/Users/jamesmurray/.m2/repository/org/apache/camel/camel-core-reifier/3.21.0/camel-core-reifier-3.21.0.jar:/Users/jamesmurray/.m2/repository/org/apache/camel/camel-core-processor/3.21.0/camel-core-processor-3.21.0.jar:/Users/jamesmurray/.m2/repository/org/apache/camel/camel-management-api/3.21.0/camel-management-api-3.21.0.jar:/Users/jamesmurray/.m2/repository/org/apache/camel/camel-support/3.21.0/camel-support-3.21.0.jar:/Users/jamesmurray/.m2/repository/org/apache/camel/camel-util-json/3.21.0/camel-util-json-3.21.0.jar:/Users/jamesmurray/.m2/repository/org/apache/camel/camel-util/3.21.0/camel-util-3.21.0.jar:/Users/jamesmurray/.m2/repository/org/apache/camel/camel-core-languages/3.21.0/camel-core-languages-3.21.0.jar:/Users/jamesmurray/.m2/repository/org/apache/camel/camel-core-model/3.21.0/camel-core-model-3.21.0.jar:/Users/jamesmurray/.m2/repository/org/apache/camel/camel-bean/3.21.0/camel-bean-3.21.0.jar:/Users/jamesmurray/.m2/repository/org/apache/camel/camel-browse/3.21.0/camel-browse-3.21.0.jar:/Users/jamesmurray/.m2/repository/org/apache/camel/camel-cluster/3.21.0/camel-cluster-3.21.0.jar:/Users/jamesmurray/.m2/repository/org/apache/camel/camel-controlbus/3.21.0/camel-controlbus-3.21.0.jar:/Users/jamesmurray/.m2/repository/org/apache/camel/camel-dataformat/3.21.0/camel-dataformat-3.21.0.jar:/Users/jamesmurray/.m2/repository/org/apache/camel/camel-dataset/3.21.0/camel-dataset-3.21.0.jar:/Users/jamesmurray/.m2/repository/org/apache/camel/camel-direct/3.21.0/camel-direct-3.21.0.jar:/Users/jamesmurray/.m2/repository/org/apache/camel/camel-directvm/3.21.0/camel-directvm-3.21.0.jar:/Users/jamesmurray/.m2/repository/org/apache/camel/camel-file/3.21.0/camel-file-3.21.0.jar:/Users/jamesmurray/.m2/repository/org/apache/camel/camel-health/3.21.0/camel-health-3.21.0.jar:/Users/jamesmurray/.m2/repository/org/apache/camel/camel-language/3.21.0/camel-language-3.21.0.jar:/Users/jamesmurray/.m2/repository/org/apache/camel/camel-log/3.21.0/camel-log-3.21.0.jar:/Users/jamesmurray/.m2/repository/org/apache/camel/camel-mock/3.21.0/camel-mock-3.21.0.jar:/Users/jamesmurray/.m2/repository/org/apache/camel/camel-ref/3.21.0/camel-ref-3.21.0.jar:/Users/jamesmurray/.m2/repository/org/apache/camel/camel-rest/3.21.0/camel-rest-3.21.0.jar:/Users/jamesmurray/.m2/repository/org/apache/camel/camel-tooling-model/3.21.0/camel-tooling-model-3.21.0.jar:/Users/jamesmurray/.m2/repository/org/apache/camel/camel-saga/3.21.0/camel-saga-3.21.0.jar:/Users/jamesmurray/.m2/repository/org/apache/camel/camel-scheduler/3.21.0/camel-scheduler-3.21.0.jar:/Users/jamesmurray/.m2/repository/org/apache/camel/camel-seda/3.21.0/camel-seda-3.21.0.jar:/Users/jamesmurray/.m2/repository/org/apache/camel/camel-stub/3.21.0/camel-stub-3.21.0.jar:/Users/jamesmurray/.m2/repository/org/apache/camel/camel-timer/3.21.0/camel-timer-3.21.0.jar:/Users/jamesmurray/.m2/repository/org/apache/camel/camel-validator/3.21.0/camel-validator-3.21.0.jar:/Users/jamesmurray/.m2/repository/org/apache/camel/camel-vm/3.21.0/camel-vm-3.21.0.jar:/Users/jamesmurray/.m2/repository/org/apache/camel/camel-xpath/3.21.0/camel-xpath-3.21.0.jar:/Users/jamesmurray/.m2/repository/org/apache/camel/camel-xslt/3.21.0/camel-xslt-3.21.0.jar:/Users/jamesmurray/.m2/repository/org/apache/camel/camel-xml-jaxb/3.21.0/camel-xml-jaxb-3.21.0.jar:/Users/jamesmurray/.m2/repository/com/sun/xml/bind/jaxb-core/2.3.0/jaxb-core-2.3.0.jar:/Users/jamesmurray/.m2/repository/com/sun/xml/bind/jaxb-impl/2.3.3/jaxb-impl-2.3.3.jar:/Users/jamesmurray/.m2/repository/com/sun/activation/jakarta.activation/1.2.2/jakarta.activation-1.2.2.jar:/Users/jamesmurray/.m2/repository/org/apache/camel/camel-xml-jaxp/3.21.0/camel-xml-jaxp-3.21.0.jar:/Users/jamesmurray/.m2/repository/org/apache/camel/camel-xml-io-util/3.21.0/camel-xml-io-util-3.21.0.jar:/Users/jamesmurray/.m2/repository/org/slf4j/slf4j-api/2.0.7/slf4j-api-2.0.7.jar:/Users/jamesmurray/.m2/repository/javax/xml/bind/jaxb-api/2.3.1/jaxb-api-2.3.1.jar:/Users/jamesmurray/.m2/repository/javax/activation/javax.activation-api/1.2.0/javax.activation-api-1.2.0.jar:/Users/jamesmurray/.m2/repository/org/springframework/boot/spring-boot-starter/3.1.1/spring-boot-starter-3.1.1.jar:/Users/jamesmurray/.m2/repository/org/springframework/boot/spring-boot/3.1.1/spring-boot-3.1.1.jar:/Users/jamesmurray/.m2/repository/org/springframework/spring-context/6.0.10/spring-context-6.0.10.jar:/Users/jamesmurray/.m2/repository/org/springframework/spring-aop/6.0.10/spring-aop-6.0.10.jar:/Users/jamesmurray/.m2/repository/org/springframework/boot/spring-boot-autoconfigure/3.1.1/spring-boot-autoconfigure-3.1.1.jar:/Users/jamesmurray/.m2/repository/jakarta/annotation/jakarta.annotation-api/2.1.1/jakarta.annotation-api-2.1.1.jar:/Users/jamesmurray/.m2/repository/org/yaml/snakeyaml/1.33/snakeyaml-1.33.jar:/Users/jamesmurray/.m2/repository/org/springframework/boot/spring-boot-starter-data-mongodb/3.1.1/spring-boot-starter-data-mongodb-3.1.1.jar:/Users/jamesmurray/.m2/repository/org/mongodb/mongodb-driver-sync/4.9.1/mongodb-driver-sync-4.9.1.jar:/Users/jamesmurray/.m2/repository/org/mongodb/bson/4.9.1/bson-4.9.1.jar:/Users/jamesmurray/.m2/repository/org/mongodb/mongodb-driver-core/4.9.1/mongodb-driver-core-4.9.1.jar:/Users/jamesmurray/.m2/repository/org/mongodb/bson-record-codec/4.9.1/bson-record-codec-4.9.1.jar:/Users/jamesmurray/.m2/repository/org/springframework/data/spring-data-mongodb/4.1.1/spring-data-mongodb-4.1.1.jar:/Users/jamesmurray/.m2/repository/org/springframework/spring-tx/6.0.10/spring-tx-6.0.10.jar:/Users/jamesmurray/.m2/repository/org/springframework/spring-beans/6.0.10/spring-beans-6.0.10.jar:/Users/jamesmurray/.m2/repository/org/springframework/spring-expression/6.0.10/spring-expression-6.0.10.jar:/Users/jamesmurray/.m2/repository/org/springframework/data/spring-data-commons/3.1.1/spring-data-commons-3.1.1.jar:/Users/jamesmurray/.m2/repository/ch/qos/logback/logback-classic/1.4.8/logback-classic-1.4.8.jar:/Users/jamesmurray/.m2/repository/ch/qos/logback/logback-core/1.4.8/logback-core-1.4.8.jar:"/>
    <property name="sun.cpu.endian" value="little"/>
    <property name="user.home" value="/Users/jamesmurray"/>
    <property name="user.language" value="en"/>
    <property name="java.specification.vendor" value="Oracle Corporation"/>
    <property name="java.version.date" value="2023-04-18"/>
    <property name="java.home" value="/Library/Java/JavaVirtualMachines/jdk-20.jdk/Contents/Home"/>
    <property name="file.separator" value="/"/>
    <property name="basedir" value="/Users/jamesmurray/FixedIncomeTradeSimulator"/>
    <property name="java.vm.compressedOopsMode" value="Zero based"/>
    <property name="line.separator" value="&#10;"/>
    <property name="java.vm.specification.vendor" value="Oracle Corporation"/>
    <property name="java.specification.name" value="Java Platform API Specification"/>
    <property name="apple.awt.application.name" value="ForkedBooter"/>
    <property name="surefire.real.class.path" value="/Users/jamesmurray/FixedIncomeTradeSimulator/target/surefire/surefirebooter17054112689050964923.jar"/>
    <property name="sun.management.compiler" value="HotSpot 64-Bit Tiered Compilers"/>
    <property name="ftp.nonProxyHosts" value="local|*.local|169.254/16|*.169.254/16"/>
    <property name="java.runtime.version" value="20.0.1+9-29"/>
    <property name="user.name" value="jamesmurray"/>
    <property name="stdout.encoding" value="UTF-8"/>
    <property name="path.separator" value=":"/>
    <property name="os.version" value="10.14.6"/>
    <property name="java.runtime.name" value="Java(TM) SE Runtime Environment"/>
    <property name="file.encoding" value="UTF-8"/>
    <property name="java.vm.name" value="Java HotSpot(TM) 64-Bit Server VM"/>
    <property name="localRepository" value="/Users/jamesmurray/.m2/repository"/>
    <property name="java.vendor.url.bug" value="https://bugreport.java.com/bugreport/"/>
    <property name="java.io.tmpdir" value="/var/folders/dg/t_55yr6546bcm3xzh133x7kh0000gn/T/"/>
    <property name="java.version" value="20.0.1"/>
    <property name="user.dir" value="/Users/jamesmurray/FixedIncomeTradeSimulator"/>
    <property name="os.arch" value="x86_64"/>
    <property name="java.vm.specification.name" value="Java Virtual Machine Specification"/>
    <property name="native.encoding" value="UTF-8"/>
    <property name="java.library.path" value="/Users/jamesmurray/Library/Java/Extensions:/Library/Java/Extensions:/Network/Library/Java/Extensions:/System/Library/Java/Extensions:/usr/lib/java:."/>
    <property name="java.vm.info" value="mixed mode, sharing"/>
    <property name="stderr.encoding" value="UTF-8"/>
    <property name="java.vendor" value="Oracle Corporation"/>
    <property name="java.vm.version" value="20.0.1+9-29"/>
    <property name="sun.io.unicode.encoding" value="UnicodeBig"/>
    <property name="socksNonProxyHosts" value="local|*.local|169.254/16|*.169.254/16"/>
    <property name="java.class.version" value="64.0"/>
  </properties>
  <testcase name="shouldAnswerWithTrue" classname="org.jmtrading.AppTest" time="0.022"/>
</testsuite>